<?xml version="1.0" encoding="UTF-8"?>
<testsuite name="EtlTest" tests="4" skipped="0" failures="0" errors="0" timestamp="2016-12-13T00:44:06" hostname="Davids-MacBook-Pro-2.local" time="0.008">
  <properties/>
  <testcase name="testTransformOneValue" classname="EtlTest" time="0.003"/>
  <testcase name="testTransformMoreValues" classname="EtlTest" time="0.001"/>
  <testcase name="testFullDataset" classname="EtlTest" time="0.001"/>
  <testcase name="testMoreKeys" classname="EtlTest" time="0.001"/>
  <system-out><![CDATA[]]></system-out>
  <system-err><![CDATA[]]></system-err>
</testsuite>
